<?xml version="1.0" encoding="UTF-8"?>
<!-- Generated by org.testng.reporters.JUnitReportReporter -->
<testsuite hostname="SaiRam" failures="0" tests="1" name="cucumber.TestNGTestRunner" time="26.675" errors="0" timestamp="2025-06-08T16:08:15 IST" skipped="0">
  <testcase classname="cucumber.TestNGTestRunner" name="runScenario" time="26.675"/>
</testsuite> <!-- cucumber.TestNGTestRunner -->
