<?xml version="1.0" encoding="UTF-8"?>
<!-- Generated by org.testng.reporters.JUnitReportReporter -->
<testsuite hostname="SaiRam" failures="0" tests="3" name="SeliniumMaven.Tests.SubmitOrderTest" time="47.489" errors="0" timestamp="2025-06-07T15:59:38 IST" skipped="0">
  <testcase classname="SeliniumMaven.Tests.SubmitOrderTest" name="placeOrderTest" time="27.953"/>
  <testcase classname="SeliniumMaven.Tests.SubmitOrderTest" name="CheckOrdersList" time="2.264"/>
  <testcase classname="SeliniumMaven.Tests.SubmitOrderTest" name="placeOrderTest" time="17.272"/>
</testsuite> <!-- SeliniumMaven.Tests.SubmitOrderTest -->
