<?xml version="1.0" encoding="UTF-8"?>
<!-- Generated by org.testng.reporters.JUnitReportReporter -->
<testsuite hostname="SaiRam" failures="0" tests="3" name="SeliniumMaven.Tests.SubmitOrderTest" time="59.684" errors="0" timestamp="2025-06-07T16:02:10 IST" skipped="0">
  <testcase classname="SeliniumMaven.Tests.SubmitOrderTest" name="placeOrderTest" time="29.397"/>
  <testcase classname="SeliniumMaven.Tests.SubmitOrderTest" name="placeOrderTest" time="27.931"/>
  <testcase classname="SeliniumMaven.Tests.SubmitOrderTest" name="CheckOrdersList" time="2.356"/>
</testsuite> <!-- SeliniumMaven.Tests.SubmitOrderTest -->
