<?xml version="1.0" encoding="UTF-8"?>
<!-- Generated by org.testng.reporters.JUnitReportReporter -->
<testsuite hostname="SaiRam" failures="0" tests="1" name="SeliniumMaven.Tests.ErrorValidationsTest" time="2.674" errors="0" timestamp="2025-06-07T16:02:10 IST" skipped="0">
  <testcase classname="SeliniumMaven.Tests.ErrorValidationsTest" name="loginErrorValidation" time="2.674"/>
</testsuite> <!-- SeliniumMaven.Tests.ErrorValidationsTest -->
