<?xml version="1.0" encoding="UTF-8"?>
<!-- Generated by org.testng.reporters.JUnitReportReporter -->
<testsuite hostname="SaiRam" failures="0" tests="1" name="cucumber.TestNGTestRunner" time="6.336" errors="0" timestamp="2025-06-08T16:04:46 IST" skipped="0">
  <testcase classname="cucumber.TestNGTestRunner" name="runScenario" time="6.336"/>
</testsuite> <!-- cucumber.TestNGTestRunner -->
